02:23:14.157 INFO - Selenium build info: version: '3.8.1', revision: '6e95a6684b'
02:23:14.157 INFO - Launching a standalone Selenium Server
2018-01-15 02:23:14.301:INFO::main: Logging initialized @486ms to org.seleniumhq.jetty9.util.log.StdErrLog
02:23:14.341 INFO - Using `new FirefoxOptions()` is preferred to `DesiredCapabilities.firefox()`
02:23:14.355 INFO - Using `new ChromeOptions()` is preferred to `DesiredCapabilities.chrome()`
02:23:14.358 INFO - Using `new EdgeOptions()` is preferred to `DesiredCapabilities.edge()`
02:23:14.358 INFO - Driver class not found: com.opera.core.systems.OperaDriver
02:23:14.358 INFO - Using `new OperaOptions()` is preferred to `DesiredCapabilities.operaBlink()`
02:23:14.359 INFO - Using `new SafariOptions()` is preferred to `DesiredCapabilities.safari()`
02:23:14.360 INFO - Driver class not found: org.openqa.selenium.phantomjs.PhantomJSDriver
02:23:14.388 INFO - Driver provider class org.openqa.selenium.safari.SafariDriver registration is skipped:
 registration capabilities Capabilities {browserName: safari, platform: MAC, version: } does not match the current platform WIN10
02:23:14.428 INFO - Using `new ChromeOptions()` is preferred to `DesiredCapabilities.chrome()`
02:23:14.428 INFO - Using `new EdgeOptions()` is preferred to `DesiredCapabilities.edge()`
02:23:14.429 INFO - Using `new FirefoxOptions()` is preferred to `DesiredCapabilities.firefox()`
02:23:14.429 INFO - Using `new OperaOptions()` is preferred to `DesiredCapabilities.operaBlink()`
02:23:14.429 INFO - Using `new SafariOptions()` is preferred to `DesiredCapabilities.safari()`
02:23:14.437 INFO - Using the passthrough mode handler
2018-01-15 02:23:14.460:INFO:osjs.Server:main: jetty-9.4.7.v20170914
2018-01-15 02:23:14.484:WARN:osjs.SecurityHandler:main: ServletContext@o.s.j.s.ServletContextHandler@710c2b53{/,null,STARTING} has uncovered http methods for path: /
2018-01-15 02:23:14.488:INFO:osjsh.ContextHandler:main: Started o.s.j.s.ServletContextHandler@710c2b53{/,null,AVAILABLE}
2018-01-15 02:23:14.632:INFO:osjs.AbstractConnector:main: Started ServerConnector@461ad730{HTTP/1.1,[http/1.1]}{0.0.0.0:4444}
2018-01-15 02:23:14.632:INFO:osjs.Server:main: Started @817ms
02:23:14.632 INFO - Selenium Server is up and running
2018-01-15 02:23:14.920:INFO:osjshC.ROOT:qtp1327006586-16: org.openqa.selenium.remote.server.WebDriverServlet-54a7079e: Initialising WebDriverServlet
02:23:14.961 INFO - Found handler: org.openqa.selenium.remote.server.commandhandler.BeginSession@49054438
02:23:14.965 INFO - /session: Executing POST on /session (handler: BeginSession)
02:23:15.015 INFO - Capabilities are: Capabilities {acceptSslCerts: true, browserName: chrome, javascriptEnabled: true, name: Test}
02:23:15.016 INFO - Capabilities {acceptSslCerts: true, browserName: chrome, javascriptEnabled: true, name: Test} matched class org.openqa.selenium.remote.server.ServicedSession$Factory (provider: org.openqa.selenium.chrome.ChromeDriverService)
Starting ChromeDriver 2.34.522940 (1a76f96f66e3ca7b8e57d503b4dd3bccfba87af1) on port 33503
Only local connections are allowed.
02:23:17.043 INFO - Detected dialect: OSS
02:23:17.321 INFO - Found handler: org.openqa.selenium.remote.server.ServicedSession@779da1ee
02:23:17.322 INFO - Handler thread for session da48d621021f18d71226bd5c5ba44e57 (chrome): Executing POST on /session/da48d621021f18d71226bd5c5ba44e57/url (handler: ServicedSession)
02:23:17.324 INFO - To upstream: {"url":"http://localhost:8080"}
02:23:18.329 INFO - To downstream: {"sessionId":"da48d621021f18d71226bd5c5ba44e57","status":0,"value":null}
02:23:18.334 INFO - Found handler: org.openqa.selenium.remote.server.ServicedSession@779da1ee
02:23:18.335 INFO - Handler thread for session da48d621021f18d71226bd5c5ba44e57 (chrome): Executing POST on /session/da48d621021f18d71226bd5c5ba44e57/elements (handler: ServicedSession)
02:23:18.336 INFO - To upstream: {"using":"css selector","value":"#app"}
02:23:18.360 INFO - To downstream: {"sessionId":"da48d621021f18d71226bd5c5ba44e57","status":0,"value":[{"ELEMENT":"0.6755653601770053-1"}]}
02:23:18.363 INFO - Found handler: org.openqa.selenium.remote.server.ServicedSession@779da1ee
02:23:18.363 INFO - Handler thread for session da48d621021f18d71226bd5c5ba44e57 (chrome): Executing GET on /session/da48d621021f18d71226bd5c5ba44e57/element/0.6755653601770053-1/displayed (handler: ServicedSession)
02:23:18.384 INFO - To downstream: {"sessionId":"da48d621021f18d71226bd5c5ba44e57","status":0,"value":true}
02:23:18.389 INFO - Found handler: org.openqa.selenium.remote.server.ServicedSession@779da1ee
02:23:18.390 INFO - Handler thread for session da48d621021f18d71226bd5c5ba44e57 (chrome): Executing POST on /session/da48d621021f18d71226bd5c5ba44e57/elements (handler: ServicedSession)
02:23:18.391 INFO - To upstream: {"using":"css selector","value":"#vsb-bubble"}
02:23:18.412 INFO - To downstream: {"sessionId":"da48d621021f18d71226bd5c5ba44e57","status":0,"value":[{"ELEMENT":"0.6755653601770053-2"}]}
02:23:18.416 INFO - Found handler: org.openqa.selenium.remote.server.ServicedSession@779da1ee
02:23:18.416 INFO - Handler thread for session da48d621021f18d71226bd5c5ba44e57 (chrome): Executing POST on /session/da48d621021f18d71226bd5c5ba44e57/elements (handler: ServicedSession)
02:23:18.418 INFO - To upstream: {"using":"css selector","value":"#vsb-badge"}
02:23:18.435 INFO - To downstream: {"sessionId":"da48d621021f18d71226bd5c5ba44e57","status":0,"value":[{"ELEMENT":"0.6755653601770053-3"}]}
02:23:18.441 INFO - Found handler: org.openqa.selenium.remote.server.ServicedSession@779da1ee
02:23:18.442 INFO - Handler thread for session da48d621021f18d71226bd5c5ba44e57 (chrome): Executing POST on /session/da48d621021f18d71226bd5c5ba44e57/element (handler: ServicedSession)
02:23:18.443 INFO - To upstream: {"using":"css selector","value":"#vsb-badge"}
02:23:18.459 INFO - To downstream: {"sessionId":"da48d621021f18d71226bd5c5ba44e57","status":0,"value":{"ELEMENT":"0.6755653601770053-3"}}
02:23:18.463 INFO - Found handler: org.openqa.selenium.remote.server.ServicedSession@779da1ee
02:23:18.463 INFO - Handler thread for session da48d621021f18d71226bd5c5ba44e57 (chrome): Executing GET on /session/da48d621021f18d71226bd5c5ba44e57/element/0.6755653601770053-3/css/right (handler: ServicedSession)
02:23:18.478 INFO - To downstream: {"sessionId":"da48d621021f18d71226bd5c5ba44e57","status":0,"value":"0px"}
02:23:18.483 INFO - Found handler: org.openqa.selenium.remote.server.ServicedSession@779da1ee
02:23:18.483 INFO - Handler thread for session da48d621021f18d71226bd5c5ba44e57 (chrome): Executing POST on /session/da48d621021f18d71226bd5c5ba44e57/execute (handler: ServicedSession)
02:23:18.485 INFO - To upstream: {"script":"var passedArgs = Array.prototype.slice.call(arguments,0); return function (selector) {\n      return document.querySelectorAll(selector).length;\n    }.apply(window, passedArgs);","args":["img"]}
02:23:18.493 INFO - To downstream: {"sessionId":"da48d621021f18d71226bd5c5ba44e57","status":0,"value":1}
02:23:18.496 INFO - Found handler: org.openqa.selenium.remote.server.ServicedSession@779da1ee
02:23:18.496 INFO - Handler thread for session da48d621021f18d71226bd5c5ba44e57 (chrome): Executing POST on /session/da48d621021f18d71226bd5c5ba44e57/element (handler: ServicedSession)
02:23:18.498 INFO - To upstream: {"using":"css selector","value":"#vsb-bubble"}
02:23:18.516 INFO - To downstream: {"sessionId":"da48d621021f18d71226bd5c5ba44e57","status":0,"value":{"ELEMENT":"0.6755653601770053-2"}}
02:23:18.519 INFO - Found handler: org.openqa.selenium.remote.server.ServicedSession@779da1ee
02:23:18.519 INFO - Handler thread for session da48d621021f18d71226bd5c5ba44e57 (chrome): Executing POST on /session/da48d621021f18d71226bd5c5ba44e57/moveto (handler: ServicedSession)
02:23:18.521 INFO - To upstream: {"element":"0.6755653601770053-2","xoffset":29,"yoffset":29}
02:23:18.547 INFO - To downstream: {"sessionId":"da48d621021f18d71226bd5c5ba44e57","status":0,"value":null}
02:23:18.551 INFO - Found handler: org.openqa.selenium.remote.server.ServicedSession@779da1ee
02:23:18.551 INFO - Handler thread for session da48d621021f18d71226bd5c5ba44e57 (chrome): Executing POST on /session/da48d621021f18d71226bd5c5ba44e57/buttondown (handler: ServicedSession)
02:23:18.552 INFO - To upstream: {"button":0}
02:23:18.560 INFO - To downstream: {"sessionId":"da48d621021f18d71226bd5c5ba44e57","status":0,"value":null}
02:23:18.563 INFO - Found handler: org.openqa.selenium.remote.server.ServicedSession@779da1ee
02:23:18.563 INFO - Handler thread for session da48d621021f18d71226bd5c5ba44e57 (chrome): Executing POST on /session/da48d621021f18d71226bd5c5ba44e57/element (handler: ServicedSession)
02:23:18.565 INFO - To upstream: {"using":"css selector","value":"body"}
02:23:18.583 INFO - To downstream: {"sessionId":"da48d621021f18d71226bd5c5ba44e57","status":0,"value":{"ELEMENT":"0.6755653601770053-4"}}
02:23:18.586 INFO - Found handler: org.openqa.selenium.remote.server.ServicedSession@779da1ee
02:23:18.586 INFO - Handler thread for session da48d621021f18d71226bd5c5ba44e57 (chrome): Executing POST on /session/da48d621021f18d71226bd5c5ba44e57/moveto (handler: ServicedSession)
02:23:18.588 INFO - To upstream: {"element":"0.6755653601770053-4","xoffset":500,"yoffset":200}
02:23:18.615 INFO - To downstream: {"sessionId":"da48d621021f18d71226bd5c5ba44e57","status":0,"value":null}
02:23:18.618 INFO - Found handler: org.openqa.selenium.remote.server.ServicedSession@779da1ee
02:23:18.618 INFO - Handler thread for session da48d621021f18d71226bd5c5ba44e57 (chrome): Executing POST on /session/da48d621021f18d71226bd5c5ba44e57/buttonup (handler: ServicedSession)
02:23:18.620 INFO - To upstream: {"button":0}
02:23:18.627 INFO - To downstream: {"sessionId":"da48d621021f18d71226bd5c5ba44e57","status":0,"value":null}
02:23:18.631 INFO - Found handler: org.openqa.selenium.remote.server.ServicedSession@779da1ee
02:23:18.631 INFO - Handler thread for session da48d621021f18d71226bd5c5ba44e57 (chrome): Executing POST on /session/da48d621021f18d71226bd5c5ba44e57/execute (handler: ServicedSession)
02:23:18.633 INFO - To upstream: {"script":"var passedArgs = Array.prototype.slice.call(arguments,0); return function (selector) {\n      return document.querySelector(selector).style.right;\n    }.apply(window, passedArgs);","args":["#vsb-badge"]}
02:23:18.643 INFO - To downstream: {"sessionId":"da48d621021f18d71226bd5c5ba44e57","status":0,"value":""}
02:23:19.655 INFO - Found handler: org.openqa.selenium.remote.server.ServicedSession@779da1ee
02:23:19.656 INFO - Handler thread for session da48d621021f18d71226bd5c5ba44e57 (chrome): Executing DELETE on /session/da48d621021f18d71226bd5c5ba44e57 (handler: ServicedSession)
02:23:19.703 INFO - To downstream: {"sessionId":"da48d621021f18d71226bd5c5ba44e57","status":0,"value":null}
02:23:19.706 INFO - Removing session org.openqa.selenium.remote.server.ServicedSession@779da1ee
